c:\users\toais\documents\github\summerinternship_iv\trainingframework\release\vc141.pdb
c:\users\toais\documents\github\summerinternship_iv\trainingframework\release\gsloadlevel.obj
c:\users\toais\documents\github\summerinternship_iv\trainingframework\release\gslevel4.obj
c:\users\toais\documents\github\summerinternship_iv\trainingframework\release\gslevel3.obj
c:\users\toais\documents\github\summerinternship_iv\trainingframework\release\gslevel2.obj
c:\users\toais\documents\github\summerinternship_iv\trainingframework\release\gslevel1.obj
c:\users\toais\documents\github\summerinternship_iv\trainingframework\release\gsintro.obj
c:\users\toais\documents\github\summerinternship_iv\trainingframework\release\gsaboutus.obj
c:\users\toais\documents\github\summerinternship_iv\trainingframework\release\ground.obj
c:\users\toais\documents\github\summerinternship_iv\trainingframework\release\gamestatemachine.obj
c:\users\toais\documents\github\summerinternship_iv\trainingframework\release\gamestatebase.obj
c:\users\toais\documents\github\summerinternship_iv\trainingframework\release\gameplayui.obj
c:\users\toais\documents\github\summerinternship_iv\trainingframework\release\gamebutton.obj
c:\users\toais\documents\github\summerinternship_iv\trainingframework\release\enemy.obj
c:\users\toais\documents\github\summerinternship_iv\trainingframework\release\comfirmbox.obj
c:\users\toais\documents\github\summerinternship_iv\trainingframework\release\camera.obj
c:\users\toais\documents\github\summerinternship_iv\trainingframework\release\buttonmanager.obj
c:\users\toais\documents\github\summerinternship_iv\trainingframework\release\bullet.obj
c:\users\toais\documents\github\summerinternship_iv\trainingframework\release\boss.obj
c:\users\toais\documents\github\summerinternship_iv\trainingframework\release\application.obj
c:\users\toais\documents\github\summerinternship_iv\trainingframework\release\animation.obj
c:\users\toais\documents\github\summerinternship_iv\trainingframework\release\vertex.obj
c:\users\toais\documents\github\summerinternship_iv\trainingframework\release\shaders.obj
c:\users\toais\documents\github\summerinternship_iv\trainingframework\release\trainingframework.obj
c:\users\toais\documents\github\summerinternship_iv\trainingframework\release\texture.obj
c:\users\toais\documents\github\summerinternship_iv\trainingframework\release\textmanager.obj
c:\users\toais\documents\github\summerinternship_iv\trainingframework\release\terrain.obj
c:\users\toais\documents\github\summerinternship_iv\trainingframework\release\sprite2d.obj
c:\users\toais\documents\github\summerinternship_iv\trainingframework\release\scenemanager.obj
c:\users\toais\documents\github\summerinternship_iv\trainingframework\release\resourcemanager.obj
c:\users\toais\documents\github\summerinternship_iv\trainingframework\release\object.obj
c:\users\toais\documents\github\summerinternship_iv\trainingframework\release\models.obj
c:\users\toais\documents\github\summerinternship_iv\trainingframework\release\model.obj
c:\users\toais\documents\github\summerinternship_iv\trainingframework\release\maincharacter.obj
c:\users\toais\documents\github\summerinternship_iv\trainingframework\release\loadingscreen.obj
c:\users\toais\documents\github\summerinternship_iv\trainingframework\release\healthy.obj
c:\users\toais\documents\github\summerinternship_iv\trainingframework\release\gsresult.obj
c:\users\toais\documents\github\summerinternship_iv\trainingframework\release\gsoptions.obj
c:\users\toais\documents\github\summerinternship_iv\trainingframework\release\gsmainmenu.obj
c:\users\toais\documents\github\summerinternship_iv\bin-release\trainingframework.exe
c:\users\toais\documents\github\summerinternship_iv\bin-release\trainingframework.pdb
c:\users\toais\documents\github\summerinternship_iv\bin-release\trainingframework.ipdb
c:\users\toais\documents\github\summerinternship_iv\bin-release\trainingframework.iobj
c:\users\toais\documents\github\summerinternship_iv\\bin-release\trainingframework.pdb
c:\users\toais\documents\github\summerinternship_iv\\bin-release\trainingframework.exe
c:\users\toais\documents\github\summerinternship_iv\trainingframework\release\training.fc024ec8.tlog\cl.command.1.tlog
c:\users\toais\documents\github\summerinternship_iv\trainingframework\release\training.fc024ec8.tlog\cl.read.1.tlog
c:\users\toais\documents\github\summerinternship_iv\trainingframework\release\training.fc024ec8.tlog\cl.write.1.tlog
c:\users\toais\documents\github\summerinternship_iv\trainingframework\release\training.fc024ec8.tlog\link.command.1.tlog
c:\users\toais\documents\github\summerinternship_iv\trainingframework\release\training.fc024ec8.tlog\link.read.1.tlog
c:\users\toais\documents\github\summerinternship_iv\trainingframework\release\training.fc024ec8.tlog\link.write.1.tlog
c:\users\toais\documents\github\summerinternship_iv\trainingframework\release\training.fc024ec8.tlog\trainingframework.write.1u.tlog
