c:\users\toais\documents\github\summerinternship_iv\trainingframework\debug\four.pch
c:\users\toais\documents\github\summerinternship_iv\trainingframework\debug\vc141.pdb
c:\users\toais\documents\github\summerinternship_iv\trainingframework\debug\vc141.idb
c:\users\toais\documents\github\summerinternship_iv\trainingframework\debug\stdafx.obj
c:\users\toais\documents\github\summerinternship_iv\trainingframework\debug\gslevel4.obj
c:\users\toais\documents\github\summerinternship_iv\trainingframework\debug\gsloadlevel.obj
c:\users\toais\documents\github\summerinternship_iv\trainingframework\debug\gsmainmenu.obj
c:\users\toais\documents\github\summerinternship_iv\trainingframework\debug\gsoptions.obj
c:\users\toais\documents\github\summerinternship_iv\trainingframework\debug\gsresult.obj
c:\users\toais\documents\github\summerinternship_iv\trainingframework\debug\healthy.obj
c:\users\toais\documents\github\summerinternship_iv\trainingframework\debug\loadingscreen.obj
c:\users\toais\documents\github\summerinternship_iv\trainingframework\debug\maincharacter.obj
c:\users\toais\documents\github\summerinternship_iv\trainingframework\debug\model.obj
c:\users\toais\documents\github\summerinternship_iv\trainingframework\debug\models.obj
c:\users\toais\documents\github\summerinternship_iv\trainingframework\debug\object.obj
c:\users\toais\documents\github\summerinternship_iv\trainingframework\debug\resourcemanager.obj
c:\users\toais\documents\github\summerinternship_iv\trainingframework\debug\scenemanager.obj
c:\users\toais\documents\github\summerinternship_iv\trainingframework\debug\sprite2d.obj
c:\users\toais\documents\github\summerinternship_iv\trainingframework\debug\terrain.obj
c:\users\toais\documents\github\summerinternship_iv\trainingframework\debug\textmanager.obj
c:\users\toais\documents\github\summerinternship_iv\trainingframework\debug\texture.obj
c:\users\toais\documents\github\summerinternship_iv\trainingframework\debug\trainingframework.obj
c:\users\toais\documents\github\summerinternship_iv\trainingframework\debug\shaders.obj
c:\users\toais\documents\github\summerinternship_iv\trainingframework\debug\vertex.obj
c:\users\toais\documents\github\summerinternship_iv\trainingframework\debug\animation.obj
c:\users\toais\documents\github\summerinternship_iv\trainingframework\debug\application.obj
c:\users\toais\documents\github\summerinternship_iv\trainingframework\debug\boss.obj
c:\users\toais\documents\github\summerinternship_iv\trainingframework\debug\bullet.obj
c:\users\toais\documents\github\summerinternship_iv\trainingframework\debug\buttonmanager.obj
c:\users\toais\documents\github\summerinternship_iv\trainingframework\debug\camera.obj
c:\users\toais\documents\github\summerinternship_iv\trainingframework\debug\comfirmbox.obj
c:\users\toais\documents\github\summerinternship_iv\trainingframework\debug\enemy.obj
c:\users\toais\documents\github\summerinternship_iv\trainingframework\debug\gamebutton.obj
c:\users\toais\documents\github\summerinternship_iv\trainingframework\debug\gameplayui.obj
c:\users\toais\documents\github\summerinternship_iv\trainingframework\debug\gamestatebase.obj
c:\users\toais\documents\github\summerinternship_iv\trainingframework\debug\gamestatemachine.obj
c:\users\toais\documents\github\summerinternship_iv\trainingframework\debug\ground.obj
c:\users\toais\documents\github\summerinternship_iv\trainingframework\debug\gsaboutus.obj
c:\users\toais\documents\github\summerinternship_iv\trainingframework\debug\gsintro.obj
c:\users\toais\documents\github\summerinternship_iv\trainingframework\debug\gslevel1.obj
c:\users\toais\documents\github\summerinternship_iv\trainingframework\debug\gslevel2.obj
c:\users\toais\documents\github\summerinternship_iv\trainingframework\debug\gslevel3.obj
c:\users\toais\documents\github\summerinternship_iv\bin\four.exe
c:\users\toais\documents\github\summerinternship_iv\bin\four.ilk
c:\users\toais\documents\github\summerinternship_iv\bin\four.pdb
c:\users\toais\documents\github\summerinternship_iv\\bin\four.pdb
c:\users\toais\documents\github\summerinternship_iv\\bin\four.exe
c:\users\toais\documents\github\summerinternship_iv\\bin\four.ilk
c:\users\toais\documents\github\summerinternship_iv\trainingframework\debug\four.tlog\cl.command.1.tlog
c:\users\toais\documents\github\summerinternship_iv\trainingframework\debug\four.tlog\cl.read.1.tlog
c:\users\toais\documents\github\summerinternship_iv\trainingframework\debug\four.tlog\cl.write.1.tlog
c:\users\toais\documents\github\summerinternship_iv\trainingframework\debug\four.tlog\link.command.1.tlog
c:\users\toais\documents\github\summerinternship_iv\trainingframework\debug\four.tlog\link.read.1.tlog
c:\users\toais\documents\github\summerinternship_iv\trainingframework\debug\four.tlog\link.write.1.tlog
